Sep 20, 2021 7:39:08 PM org.apache.catalina.startup.VersionLoggerListener log
INFO: Server version:        Apache Tomcat/7.0.94
Sep 20, 2021 7:39:08 PM org.apache.catalina.startup.VersionLoggerListener log
INFO: Server built:          Apr 10 2019 16:56:40 UTC
Sep 20, 2021 7:39:08 PM org.apache.catalina.startup.VersionLoggerListener log
INFO: Server number:         7.0.94.0
Sep 20, 2021 7:39:08 PM org.apache.catalina.startup.VersionLoggerListener log
INFO: OS Name:               Linux
Sep 20, 2021 7:39:08 PM org.apache.catalina.startup.VersionLoggerListener log
INFO: OS Version:            3.10.0-1062.12.1.el7.x86_64
Sep 20, 2021 7:39:08 PM org.apache.catalina.startup.VersionLoggerListener log
INFO: Architecture:          amd64
Sep 20, 2021 7:39:08 PM org.apache.catalina.startup.VersionLoggerListener log
INFO: Java Home:             /usr/lib/jvm/java-1.8.0-openjdk-1.8.0.302.b08-0.el7_9.x86_64/jre
Sep 20, 2021 7:39:08 PM org.apache.catalina.startup.VersionLoggerListener log
INFO: JVM Version:           1.8.0_302-b08
Sep 20, 2021 7:39:08 PM org.apache.catalina.startup.VersionLoggerListener log
INFO: JVM Vendor:            Red Hat, Inc.
Sep 20, 2021 7:39:08 PM org.apache.catalina.startup.VersionLoggerListener log
INFO: CATALINA_BASE:         /home/centos/NewProject/complete/apache-tomcat-7.0.94
Sep 20, 2021 7:39:08 PM org.apache.catalina.startup.VersionLoggerListener log
INFO: CATALINA_HOME:         /home/centos/NewProject/complete/apache-tomcat-7.0.94
Sep 20, 2021 7:39:08 PM org.apache.catalina.startup.VersionLoggerListener log
INFO: Command line argument: -Djava.util.logging.config.file=/home/centos/NewProject/complete/apache-tomcat-7.0.94/conf/logging.properties
Sep 20, 2021 7:39:08 PM org.apache.catalina.startup.VersionLoggerListener log
INFO: Command line argument: -Djava.util.logging.manager=org.apache.juli.ClassLoaderLogManager
Sep 20, 2021 7:39:08 PM org.apache.catalina.startup.VersionLoggerListener log
INFO: Command line argument: -Djdk.tls.ephemeralDHKeySize=2048
Sep 20, 2021 7:39:08 PM org.apache.catalina.startup.VersionLoggerListener log
INFO: Command line argument: -Dignore.endorsed.dirs=
Sep 20, 2021 7:39:08 PM org.apache.catalina.startup.VersionLoggerListener log
INFO: Command line argument: -Dcatalina.base=/home/centos/NewProject/complete/apache-tomcat-7.0.94
Sep 20, 2021 7:39:08 PM org.apache.catalina.startup.VersionLoggerListener log
INFO: Command line argument: -Dcatalina.home=/home/centos/NewProject/complete/apache-tomcat-7.0.94
Sep 20, 2021 7:39:08 PM org.apache.catalina.startup.VersionLoggerListener log
INFO: Command line argument: -Djava.io.tmpdir=/home/centos/NewProject/complete/apache-tomcat-7.0.94/temp
Sep 20, 2021 7:39:08 PM org.apache.catalina.core.AprLifecycleListener lifecycleEvent
INFO: The APR based Apache Tomcat Native library which allows optimal performance in production environments was not found on the java.library.path: /usr/java/packages/lib/amd64:/usr/lib64:/lib64:/lib:/usr/lib
Sep 20, 2021 7:39:08 PM org.apache.coyote.AbstractProtocol init
INFO: Initializing ProtocolHandler ["http-bio-8080"]
Sep 20, 2021 7:39:08 PM org.apache.coyote.AbstractProtocol init
INFO: Initializing ProtocolHandler ["ajp-bio-8009"]
Sep 20, 2021 7:39:08 PM org.apache.catalina.startup.Catalina load
INFO: Initialization processed in 1232 ms
Sep 20, 2021 7:39:08 PM org.apache.catalina.core.StandardService startInternal
INFO: Starting service Catalina
Sep 20, 2021 7:39:08 PM org.apache.catalina.core.StandardEngine startInternal
INFO: Starting Servlet Engine: Apache Tomcat/7.0.94
Sep 20, 2021 7:39:08 PM org.apache.catalina.startup.HostConfig deployDirectory
INFO: Deploying web application directory /home/centos/NewProject/complete/apache-tomcat-7.0.94/webapps/ROOT
Sep 20, 2021 7:39:08 PM org.apache.catalina.startup.HostConfig deployDirectory
INFO: Deployment of web application directory /home/centos/NewProject/complete/apache-tomcat-7.0.94/webapps/ROOT has finished in 584 ms
Sep 20, 2021 7:39:08 PM org.apache.catalina.startup.HostConfig deployDirectory
INFO: Deploying web application directory /home/centos/NewProject/complete/apache-tomcat-7.0.94/webapps/docs
Sep 20, 2021 7:39:09 PM org.apache.catalina.startup.HostConfig deployDirectory
INFO: Deployment of web application directory /home/centos/NewProject/complete/apache-tomcat-7.0.94/webapps/docs has finished in 88 ms
Sep 20, 2021 7:39:09 PM org.apache.catalina.startup.HostConfig deployDirectory
INFO: Deploying web application directory /home/centos/NewProject/complete/apache-tomcat-7.0.94/webapps/examples
Sep 20, 2021 7:39:09 PM org.apache.catalina.startup.HostConfig deployDirectory
INFO: Deployment of web application directory /home/centos/NewProject/complete/apache-tomcat-7.0.94/webapps/examples has finished in 451 ms
Sep 20, 2021 7:39:09 PM org.apache.catalina.startup.HostConfig deployDirectory
INFO: Deploying web application directory /home/centos/NewProject/complete/apache-tomcat-7.0.94/webapps/host-manager
Sep 20, 2021 7:39:09 PM org.apache.catalina.startup.HostConfig deployDirectory
INFO: Deployment of web application directory /home/centos/NewProject/complete/apache-tomcat-7.0.94/webapps/host-manager has finished in 82 ms
Sep 20, 2021 7:39:09 PM org.apache.catalina.startup.HostConfig deployDirectory
INFO: Deploying web application directory /home/centos/NewProject/complete/apache-tomcat-7.0.94/webapps/manager
Sep 20, 2021 7:39:09 PM org.apache.catalina.startup.HostConfig deployDirectory
INFO: Deployment of web application directory /home/centos/NewProject/complete/apache-tomcat-7.0.94/webapps/manager has finished in 76 ms
Sep 20, 2021 7:39:09 PM org.apache.coyote.AbstractProtocol start
INFO: Starting ProtocolHandler ["http-bio-8080"]
Sep 20, 2021 7:39:09 PM org.apache.coyote.AbstractProtocol start
INFO: Starting ProtocolHandler ["ajp-bio-8009"]
Sep 20, 2021 7:39:09 PM org.apache.catalina.startup.Catalina start
INFO: Server startup in 1522 ms
Sep 20, 2021 7:43:09 PM org.apache.catalina.core.StandardServer await
INFO: A valid shutdown command was received via the shutdown port. Stopping the Server instance.
Sep 20, 2021 7:43:09 PM org.apache.coyote.AbstractProtocol pause
INFO: Pausing ProtocolHandler ["http-bio-8080"]
Sep 20, 2021 7:43:09 PM org.apache.coyote.AbstractProtocol pause
INFO: Pausing ProtocolHandler ["ajp-bio-8009"]
Sep 20, 2021 7:43:09 PM org.apache.catalina.core.StandardService stopInternal
INFO: Stopping service Catalina
Sep 20, 2021 7:43:10 PM org.apache.coyote.AbstractProtocol stop
INFO: Stopping ProtocolHandler ["http-bio-8080"]
Sep 20, 2021 7:43:10 PM org.apache.coyote.AbstractProtocol stop
INFO: Stopping ProtocolHandler ["ajp-bio-8009"]
Sep 20, 2021 7:43:10 PM org.apache.coyote.AbstractProtocol destroy
INFO: Destroying ProtocolHandler ["http-bio-8080"]
Sep 20, 2021 7:43:10 PM org.apache.coyote.AbstractProtocol destroy
INFO: Destroying ProtocolHandler ["ajp-bio-8009"]
Sep 20, 2021 7:43:28 PM org.apache.catalina.startup.VersionLoggerListener log
INFO: Server version:        Apache Tomcat/7.0.94
Sep 20, 2021 7:43:28 PM org.apache.catalina.startup.VersionLoggerListener log
INFO: Server built:          Apr 10 2019 16:56:40 UTC
Sep 20, 2021 7:43:28 PM org.apache.catalina.startup.VersionLoggerListener log
INFO: Server number:         7.0.94.0
Sep 20, 2021 7:43:28 PM org.apache.catalina.startup.VersionLoggerListener log
INFO: OS Name:               Linux
Sep 20, 2021 7:43:28 PM org.apache.catalina.startup.VersionLoggerListener log
INFO: OS Version:            3.10.0-1062.12.1.el7.x86_64
Sep 20, 2021 7:43:28 PM org.apache.catalina.startup.VersionLoggerListener log
INFO: Architecture:          amd64
Sep 20, 2021 7:43:28 PM org.apache.catalina.startup.VersionLoggerListener log
INFO: Java Home:             /usr/lib/jvm/java-1.8.0-openjdk-1.8.0.302.b08-0.el7_9.x86_64/jre
Sep 20, 2021 7:43:28 PM org.apache.catalina.startup.VersionLoggerListener log
INFO: JVM Version:           1.8.0_302-b08
Sep 20, 2021 7:43:28 PM org.apache.catalina.startup.VersionLoggerListener log
INFO: JVM Vendor:            Red Hat, Inc.
Sep 20, 2021 7:43:28 PM org.apache.catalina.startup.VersionLoggerListener log
INFO: CATALINA_BASE:         /home/centos/NewProject/complete/apache-tomcat-7.0.94
Sep 20, 2021 7:43:28 PM org.apache.catalina.startup.VersionLoggerListener log
INFO: CATALINA_HOME:         /home/centos/NewProject/complete/apache-tomcat-7.0.94
Sep 20, 2021 7:43:28 PM org.apache.catalina.startup.VersionLoggerListener log
INFO: Command line argument: -Djava.util.logging.config.file=/home/centos/NewProject/complete/apache-tomcat-7.0.94/conf/logging.properties
Sep 20, 2021 7:43:28 PM org.apache.catalina.startup.VersionLoggerListener log
INFO: Command line argument: -Djava.util.logging.manager=org.apache.juli.ClassLoaderLogManager
Sep 20, 2021 7:43:28 PM org.apache.catalina.startup.VersionLoggerListener log
INFO: Command line argument: -Djdk.tls.ephemeralDHKeySize=2048
Sep 20, 2021 7:43:28 PM org.apache.catalina.startup.VersionLoggerListener log
INFO: Command line argument: -Dignore.endorsed.dirs=
Sep 20, 2021 7:43:28 PM org.apache.catalina.startup.VersionLoggerListener log
INFO: Command line argument: -Dcatalina.base=/home/centos/NewProject/complete/apache-tomcat-7.0.94
Sep 20, 2021 7:43:28 PM org.apache.catalina.startup.VersionLoggerListener log
INFO: Command line argument: -Dcatalina.home=/home/centos/NewProject/complete/apache-tomcat-7.0.94
Sep 20, 2021 7:43:28 PM org.apache.catalina.startup.VersionLoggerListener log
INFO: Command line argument: -Djava.io.tmpdir=/home/centos/NewProject/complete/apache-tomcat-7.0.94/temp
Sep 20, 2021 7:43:28 PM org.apache.catalina.core.AprLifecycleListener lifecycleEvent
INFO: The APR based Apache Tomcat Native library which allows optimal performance in production environments was not found on the java.library.path: /usr/java/packages/lib/amd64:/usr/lib64:/lib64:/lib:/usr/lib
Sep 20, 2021 7:43:28 PM org.apache.coyote.AbstractProtocol init
INFO: Initializing ProtocolHandler ["http-bio-8088"]
Sep 20, 2021 7:43:28 PM org.apache.coyote.AbstractProtocol init
INFO: Initializing ProtocolHandler ["ajp-bio-8009"]
Sep 20, 2021 7:43:28 PM org.apache.catalina.startup.Catalina load
INFO: Initialization processed in 1182 ms
Sep 20, 2021 7:43:28 PM org.apache.catalina.core.StandardService startInternal
INFO: Starting service Catalina
Sep 20, 2021 7:43:28 PM org.apache.catalina.core.StandardEngine startInternal
INFO: Starting Servlet Engine: Apache Tomcat/7.0.94
Sep 20, 2021 7:43:28 PM org.apache.catalina.startup.HostConfig deployDirectory
INFO: Deploying web application directory /home/centos/NewProject/complete/apache-tomcat-7.0.94/webapps/ROOT
Sep 20, 2021 7:43:29 PM org.apache.catalina.startup.HostConfig deployDirectory
INFO: Deployment of web application directory /home/centos/NewProject/complete/apache-tomcat-7.0.94/webapps/ROOT has finished in 571 ms
Sep 20, 2021 7:43:29 PM org.apache.catalina.startup.HostConfig deployDirectory
INFO: Deploying web application directory /home/centos/NewProject/complete/apache-tomcat-7.0.94/webapps/docs
Sep 20, 2021 7:43:29 PM org.apache.catalina.startup.HostConfig deployDirectory
INFO: Deployment of web application directory /home/centos/NewProject/complete/apache-tomcat-7.0.94/webapps/docs has finished in 82 ms
Sep 20, 2021 7:43:29 PM org.apache.catalina.startup.HostConfig deployDirectory
INFO: Deploying web application directory /home/centos/NewProject/complete/apache-tomcat-7.0.94/webapps/examples
Sep 20, 2021 7:43:29 PM org.apache.catalina.startup.HostConfig deployDirectory
INFO: Deployment of web application directory /home/centos/NewProject/complete/apache-tomcat-7.0.94/webapps/examples has finished in 460 ms
Sep 20, 2021 7:43:29 PM org.apache.catalina.startup.HostConfig deployDirectory
INFO: Deploying web application directory /home/centos/NewProject/complete/apache-tomcat-7.0.94/webapps/host-manager
Sep 20, 2021 7:43:29 PM org.apache.catalina.startup.HostConfig deployDirectory
INFO: Deployment of web application directory /home/centos/NewProject/complete/apache-tomcat-7.0.94/webapps/host-manager has finished in 91 ms
Sep 20, 2021 7:43:29 PM org.apache.catalina.startup.HostConfig deployDirectory
INFO: Deploying web application directory /home/centos/NewProject/complete/apache-tomcat-7.0.94/webapps/manager
Sep 20, 2021 7:43:30 PM org.apache.catalina.startup.HostConfig deployDirectory
INFO: Deployment of web application directory /home/centos/NewProject/complete/apache-tomcat-7.0.94/webapps/manager has finished in 118 ms
Sep 20, 2021 7:43:30 PM org.apache.coyote.AbstractProtocol start
INFO: Starting ProtocolHandler ["http-bio-8088"]
Sep 20, 2021 7:43:30 PM org.apache.coyote.AbstractProtocol start
INFO: Starting ProtocolHandler ["ajp-bio-8009"]
Sep 20, 2021 7:43:30 PM org.apache.catalina.startup.Catalina start
INFO: Server startup in 1499 ms
