Sep 20, 2021 7:39:09 PM org.apache.catalina.core.ApplicationContext log
INFO: ContextListener: contextInitialized()
Sep 20, 2021 7:39:09 PM org.apache.catalina.core.ApplicationContext log
INFO: SessionListener: contextInitialized()
Sep 20, 2021 7:39:09 PM org.apache.catalina.core.ApplicationContext log
INFO: ContextListener: attributeAdded('StockTicker', 'async.Stockticker@5a29a5f0')
Sep 20, 2021 7:39:09 PM org.apache.catalina.core.ApplicationContext log
INFO: ContextListener: attributeAdded('org.apache.jasper.compiler.TldLocationsCache', 'org.apache.jasper.compiler.TldLocationsCache@5fc80be0')
Sep 20, 2021 7:43:10 PM org.apache.catalina.core.ApplicationContext log
INFO: SessionListener: contextDestroyed()
Sep 20, 2021 7:43:10 PM org.apache.catalina.core.ApplicationContext log
INFO: ContextListener: contextDestroyed()
Sep 20, 2021 7:43:29 PM org.apache.catalina.core.ApplicationContext log
INFO: ContextListener: contextInitialized()
Sep 20, 2021 7:43:29 PM org.apache.catalina.core.ApplicationContext log
INFO: SessionListener: contextInitialized()
Sep 20, 2021 7:43:29 PM org.apache.catalina.core.ApplicationContext log
INFO: ContextListener: attributeAdded('StockTicker', 'async.Stockticker@496eec48')
Sep 20, 2021 7:43:29 PM org.apache.catalina.core.ApplicationContext log
INFO: ContextListener: attributeAdded('org.apache.jasper.compiler.TldLocationsCache', 'org.apache.jasper.compiler.TldLocationsCache@5bc8cb37')
